<?xml version="1.0" ?>
<testsuite errors="0" failures="0" name="pinktest.watershed.watershed" tests="2" time="0.000">
	<testcase classname="pinktest.watershed.watershed" name="test_0" time="0.000"/>
	<testcase classname="pinktest.watershed.watershed" name="test_1" time="0.000"/>
	<system-out>
<![CDATA[]]>	</system-out>
	<system-err>
<![CDATA[]]>	</system-err>
</testsuite>
