<?xml version="1.0" ?>
<testsuite errors="7" failures="0" name="pinktest.skelpar.skelpar" tests="7" time="0.000">
	<testcase classname="pinktest.skelpar.skelpar" name="test_0" time="0.000">
		<error message="'module' object has no attribute 'skelpar'" type="AttributeError">
<![CDATA[Traceback (most recent call last):
  File "/home/ujoimro/doc/projects/pink/pink-svn/python/pinktest/skelpar.py", line 26, in test_0
    result = pink.cpp.skelpar( pink.cpp.readimage( IMAGES + '/2dbyte/binary/b2hebreu.pgm' ), 2, -1)
AttributeError: 'module' object has no attribute 'skelpar'
]]>		</error>
	</testcase>
	<testcase classname="pinktest.skelpar.skelpar" name="test_1" time="0.000">
		<error message="'module' object has no attribute 'skelpar'" type="AttributeError">
<![CDATA[Traceback (most recent call last):
  File "/home/ujoimro/doc/projects/pink/pink-svn/python/pinktest/skelpar.py", line 32, in test_1
    result = pink.cpp.skelpar( pink.cpp.readimage( IMAGES + '/2dbyte/binary/b2hebreu.pgm' ), 3, -1)
AttributeError: 'module' object has no attribute 'skelpar'
]]>		</error>
	</testcase>
	<testcase classname="pinktest.skelpar.skelpar" name="test_2" time="0.000">
		<error message="'module' object has no attribute 'skelpar'" type="AttributeError">
<![CDATA[Traceback (most recent call last):
  File "/home/ujoimro/doc/projects/pink/pink-svn/python/pinktest/skelpar.py", line 38, in test_2
    result = pink.cpp.skelpar( pink.cpp.readimage( IMAGES + '/2dbyte/binary/b2hebreu.pgm' ), 4, -1)
AttributeError: 'module' object has no attribute 'skelpar'
]]>		</error>
	</testcase>
	<testcase classname="pinktest.skelpar.skelpar" name="test_3" time="0.000">
		<error message="'module' object has no attribute 'skelpar'" type="AttributeError">
<![CDATA[Traceback (most recent call last):
  File "/home/ujoimro/doc/projects/pink/pink-svn/python/pinktest/skelpar.py", line 44, in test_3
    result = pink.cpp.skelpar( pink.cpp.readimage( IMAGES + '/2dbyte/binary/b2hebreu.pgm' ), 22, -1)
AttributeError: 'module' object has no attribute 'skelpar'
]]>		</error>
	</testcase>
	<testcase classname="pinktest.skelpar.skelpar" name="test_4" time="0.000">
		<error message="'module' object has no attribute 'skelpar'" type="AttributeError">
<![CDATA[Traceback (most recent call last):
  File "/home/ujoimro/doc/projects/pink/pink-svn/python/pinktest/skelpar.py", line 50, in test_4
    result = pink.cpp.skelpar( pink.cpp.readimage( IMAGES + '/2dbyte/binary/b2hebreu.pgm' ), 23, -1)
AttributeError: 'module' object has no attribute 'skelpar'
]]>		</error>
	</testcase>
	<testcase classname="pinktest.skelpar.skelpar" name="test_5" time="0.000">
		<error message="'module' object has no attribute 'skelpar'" type="AttributeError">
<![CDATA[Traceback (most recent call last):
  File "/home/ujoimro/doc/projects/pink/pink-svn/python/pinktest/skelpar.py", line 56, in test_5
    result = pink.cpp.skelpar( pink.cpp.readimage( IMAGES + '/2dbyte/binary/b2hebreu.pgm' ), 2, 3)
AttributeError: 'module' object has no attribute 'skelpar'
]]>		</error>
	</testcase>
	<testcase classname="pinktest.skelpar.skelpar" name="test_6" time="0.000">
		<error message="'module' object has no attribute 'skelpar'" type="AttributeError">
<![CDATA[Traceback (most recent call last):
  File "/home/ujoimro/doc/projects/pink/pink-svn/python/pinktest/skelpar.py", line 62, in test_6
    result = pink.cpp.skelpar( pink.cpp.readimage( IMAGES + '/2dbyte/binary/b2hebreu.pgm' ), 2, -1, pink.cpp.readimage( IMAGES + '/2dbyte/binary/b2hebreui.pgm' ))
AttributeError: 'module' object has no attribute 'skelpar'
]]>		</error>
	</testcase>
	<system-out>
<![CDATA[]]>	</system-out>
	<system-err>
<![CDATA[]]>	</system-err>
</testsuite>
