<?xml version="1.0" ?>
<testsuite errors="0" failures="0" name="pinktest.skeleton.skeleton" tests="19" time="0.001">
	<testcase classname="pinktest.skeleton.skeleton" name="test_0" time="0.000"/>
	<testcase classname="pinktest.skeleton.skeleton" name="test_1" time="0.000"/>
	<testcase classname="pinktest.skeleton.skeleton" name="test_10" time="0.000"/>
	<testcase classname="pinktest.skeleton.skeleton" name="test_11" time="0.000"/>
	<testcase classname="pinktest.skeleton.skeleton" name="test_12" time="0.000"/>
	<testcase classname="pinktest.skeleton.skeleton" name="test_13" time="0.000"/>
	<testcase classname="pinktest.skeleton.skeleton" name="test_14" time="0.000"/>
	<testcase classname="pinktest.skeleton.skeleton" name="test_15" time="0.000"/>
	<testcase classname="pinktest.skeleton.skeleton" name="test_16" time="0.000"/>
	<testcase classname="pinktest.skeleton.skeleton" name="test_17" time="0.000"/>
	<testcase classname="pinktest.skeleton.skeleton" name="test_18" time="0.000"/>
	<testcase classname="pinktest.skeleton.skeleton" name="test_2" time="0.000"/>
	<testcase classname="pinktest.skeleton.skeleton" name="test_3" time="0.000"/>
	<testcase classname="pinktest.skeleton.skeleton" name="test_4" time="0.000"/>
	<testcase classname="pinktest.skeleton.skeleton" name="test_5" time="0.000"/>
	<testcase classname="pinktest.skeleton.skeleton" name="test_6" time="0.000"/>
	<testcase classname="pinktest.skeleton.skeleton" name="test_7" time="0.000"/>
	<testcase classname="pinktest.skeleton.skeleton" name="test_8" time="0.000"/>
	<testcase classname="pinktest.skeleton.skeleton" name="test_9" time="0.000"/>
	<system-out>
<![CDATA[]]>	</system-out>
	<system-err>
<![CDATA[]]>	</system-err>
</testsuite>
