<?xml version="1.0" ?>
<testsuite errors="2" failures="0" name="pinktest.identifyline.identifyline" tests="2" time="0.000">
	<testcase classname="pinktest.identifyline.identifyline" name="test_0" time="0.000">
		<error message="unidentifiable C++ exception" type="RuntimeError">
<![CDATA[Traceback (most recent call last):
  File "/home/ujoimro/doc/projects/pink/pink-svn/python/pinktest/identifyline.py", line 26, in test_0
    result = pink.cpp.identifyline( pink.cpp.readimage( IMAGES + '/2dlist/binary/l2line1.list' ))
RuntimeError: unidentifiable C++ exception
]]>		</error>
	</testcase>
	<testcase classname="pinktest.identifyline.identifyline" name="test_1" time="0.000">
		<error message="unidentifiable C++ exception" type="RuntimeError">
<![CDATA[Traceback (most recent call last):
  File "/home/ujoimro/doc/projects/pink/pink-svn/python/pinktest/identifyline.py", line 32, in test_1
    result = pink.cpp.identifyline( pink.cpp.readimage( IMAGES + '/2dlist/binary/l2line2.list' ))
RuntimeError: unidentifiable C++ exception
]]>		</error>
	</testcase>
	<system-out>
<![CDATA[]]>	</system-out>
	<system-err>
<![CDATA[]]>	</system-err>
</testsuite>
