<?xml version="1.0" ?>
<testsuite errors="0" failures="0" name="pinktest.openball.openball" tests="11" time="0.000">
	<testcase classname="pinktest.openball.openball" name="test_0" time="0.000"/>
	<testcase classname="pinktest.openball.openball" name="test_1" time="0.000"/>
	<testcase classname="pinktest.openball.openball" name="test_10" time="0.000"/>
	<testcase classname="pinktest.openball.openball" name="test_2" time="0.000"/>
	<testcase classname="pinktest.openball.openball" name="test_3" time="0.000"/>
	<testcase classname="pinktest.openball.openball" name="test_4" time="0.000"/>
	<testcase classname="pinktest.openball.openball" name="test_5" time="0.000"/>
	<testcase classname="pinktest.openball.openball" name="test_6" time="0.000"/>
	<testcase classname="pinktest.openball.openball" name="test_7" time="0.000"/>
	<testcase classname="pinktest.openball.openball" name="test_8" time="0.000"/>
	<testcase classname="pinktest.openball.openball" name="test_9" time="0.000"/>
	<system-out>
<![CDATA[]]>	</system-out>
	<system-err>
<![CDATA[]]>	</system-err>
</testsuite>
